2023-07-31 08:34:59.749642: Program begins!
2023-07-31 08:34:59.758342: Program begins to calculate mul profile!
1451925
Python 3.10.1 (main, Oct  4 2022, 11:36:22) [GCC 11.1.0]
Type 'copyright', 'credits' or 'license' for more information
IPython 7.30.1 -- An enhanced Interactive Python. Type '?' for help.

In [1]: Do you really want to exit ([y]/n)? 1942912
Python 3.10.1 (main, Oct  4 2022, 11:36:22) [GCC 11.1.0]
Type 'copyright', 'credits' or 'license' for more information
IPython 7.30.1 -- An enhanced Interactive Python. Type '?' for help.

In [1]: Do you really want to exit ([y]/n)? 2088045
Python 3.10.1 (main, Oct  4 2022, 11:36:22) [GCC 11.1.0]
Type 'copyright', 'credits' or 'license' for more information
IPython 7.30.1 -- An enhanced Interactive Python. Type '?' for help.

In [1]: Do you really want to exit ([y]/n)? 1910448
Python 3.10.1 (main, Oct  4 2022, 11:36:22) [GCC 11.1.0]
Type 'copyright', 'credits' or 'license' for more information
IPython 7.30.1 -- An enhanced Interactive Python. Type '?' for help.

In [1]: Do you really want to exit ([y]/n)? 2452258
Python 3.10.1 (main, Oct  4 2022, 11:36:22) [GCC 11.1.0]
Type 'copyright', 'credits' or 'license' for more information
IPython 7.30.1 -- An enhanced Interactive Python. Type '?' for help.

In [1]: Do you really want to exit ([y]/n)? 2903630
Python 3.10.1 (main, Oct  4 2022, 11:36:22) [GCC 11.1.0]
Type 'copyright', 'credits' or 'license' for more information
IPython 7.30.1 -- An enhanced Interactive Python. Type '?' for help.

In [1]: Do you really want to exit ([y]/n)? 2600428
Python 3.10.1 (main, Oct  4 2022, 11:36:22) [GCC 11.1.0]
Type 'copyright', 'credits' or 'license' for more information
IPython 7.30.1 -- An enhanced Interactive Python. Type '?' for help.

In [1]: Do you really want to exit ([y]/n)? 2510961
Python 3.10.1 (main, Oct  4 2022, 11:36:22) [GCC 11.1.0]
Type 'copyright', 'credits' or 'license' for more information
IPython 7.30.1 -- An enhanced Interactive Python. Type '?' for help.

In [1]: Do you really want to exit ([y]/n)? 2468591
Python 3.10.1 (main, Oct  4 2022, 11:36:22) [GCC 11.1.0]
Type 'copyright', 'credits' or 'license' for more information
IPython 7.30.1 -- An enhanced Interactive Python. Type '?' for help.

In [1]: Do you really want to exit ([y]/n)? 3333670
Python 3.10.1 (main, Oct  4 2022, 11:36:22) [GCC 11.1.0]
Type 'copyright', 'credits' or 'license' for more information
IPython 7.30.1 -- An enhanced Interactive Python. Type '?' for help.

In [1]: Do you really want to exit ([y]/n)? 3772251
Python 3.10.1 (main, Oct  4 2022, 11:36:22) [GCC 11.1.0]
Type 'copyright', 'credits' or 'license' for more information
IPython 7.30.1 -- An enhanced Interactive Python. Type '?' for help.

In [1]: Do you really want to exit ([y]/n)? 3683236
Python 3.10.1 (main, Oct  4 2022, 11:36:22) [GCC 11.1.0]
Type 'copyright', 'credits' or 'license' for more information
IPython 7.30.1 -- An enhanced Interactive Python. Type '?' for help.

In [1]: Do you really want to exit ([y]/n)? 3970887
Python 3.10.1 (main, Oct  4 2022, 11:36:22) [GCC 11.1.0]
Type 'copyright', 'credits' or 'license' for more information
IPython 7.30.1 -- An enhanced Interactive Python. Type '?' for help.

In [1]: Do you really want to exit ([y]/n)? 

2470717
Python 3.10.1 (main, Oct  4 2022, 11:36:22) [GCC 11.1.0]
Type 'copyright', 'credits' or 'license' for more information
IPython 7.30.1 -- An enhanced Interactive Python. Type '?' for help.

In [1]: Do you really want to exit ([y]/n)? 3705253
Python 3.10.1 (main, Oct  4 2022, 11:36:22) [GCC 11.1.0]
Type 'copyright', 'credits' or 'license' for more information
IPython 7.30.1 -- An enhanced Interactive Python. Type '?' for help.

In [1]: Do you really want to exit ([y]/n)? 3747005
Python 3.10.1 (main, Oct  4 2022, 11:36:22) [GCC 11.1.0]
Type 'copyright', 'credits' or 'license' for more information
IPython 7.30.1 -- An enhanced Interactive Python. Type '?' for help.

In [1]: Do you really want to exit ([y]/n)? 

3370050
Python 3.10.1 (main, Oct  4 2022, 11:36:22) [GCC 11.1.0]
Type 'copyright', 'credits' or 'license' for more information
IPython 7.30.1 -- An enhanced Interactive Python. Type '?' for help.

In [1]: Do you really want to exit ([y]/n)? 

3098332
Python 3.10.1 (main, Oct  4 2022, 11:36:22) [GCC 11.1.0]
Type 'copyright', 'credits' or 'license' for more information
IPython 7.30.1 -- An enhanced Interactive Python. Type '?' for help.

In [1]: Do you really want to exit ([y]/n)? 

2034934
Python 3.10.1 (main, Oct  4 2022, 11:36:22) [GCC 11.1.0]
Type 'copyright', 'credits' or 'license' for more information
IPython 7.30.1 -- An enhanced Interactive Python. Type '?' for help.

In [1]: Do you really want to exit ([y]/n)? 

2410789
Python 3.10.1 (main, Oct  4 2022, 11:36:22) [GCC 11.1.0]
Type 'copyright', 'credits' or 'license' for more information
IPython 7.30.1 -- An enhanced Interactive Python. Type '?' for help.

In [1]: Do you really want to exit ([y]/n)? 

1627333
Python 3.10.1 (main, Oct  4 2022, 11:36:22) [GCC 11.1.0]
Type 'copyright', 'credits' or 'license' for more information
IPython 7.30.1 -- An enhanced Interactive Python. Type '?' for help.

In [1]: Do you really want to exit ([y]/n)? 

3119708
Python 3.10.1 (main, Oct  4 2022, 11:36:22) [GCC 11.1.0]
Type 'copyright', 'credits' or 'license' for more information
IPython 7.30.1 -- An enhanced Interactive Python. Type '?' for help.

In [1]: Do you really want to exit ([y]/n)? 

4405608
Python 3.10.1 (main, Oct  4 2022, 11:36:22) [GCC 11.1.0]
Type 'copyright', 'credits' or 'license' for more information
IPython 7.30.1 -- An enhanced Interactive Python. Type '?' for help.

In [1]: Do you really want to exit ([y]/n)? 

2614568
Python 3.10.1 (main, Oct  4 2022, 11:36:22) [GCC 11.1.0]
Type 'copyright', 'credits' or 'license' for more information
IPython 7.30.1 -- An enhanced Interactive Python. Type '?' for help.

In [1]: Do you really want to exit ([y]/n)? 

5091672
Python 3.10.1 (main, Oct  4 2022, 11:36:22) [GCC 11.1.0]
Type 'copyright', 'credits' or 'license' for more information
IPython 7.30.1 -- An enhanced Interactive Python. Type '?' for help.

In [1]: Do you really want to exit ([y]/n)? 

3471951
18
wrong coords msk due to perhaps floating error
2009811
Python 3.10.1 (main, Oct  4 2022, 11:36:22) [GCC 11.1.0]
Type 'copyright', 'credits' or 'license' for more information
IPython 7.30.1 -- An enhanced Interactive Python. Type '?' for help.

In [1]: Do you really want to exit ([y]/n)? 

2626199
Python 3.10.1 (main, Oct  4 2022, 11:36:22) [GCC 11.1.0]
Type 'copyright', 'credits' or 'license' for more information
IPython 7.30.1 -- An enhanced Interactive Python. Type '?' for help.

In [1]: Do you really want to exit ([y]/n)? 

3670302
Python 3.10.1 (main, Oct  4 2022, 11:36:22) [GCC 11.1.0]
Type 'copyright', 'credits' or 'license' for more information
IPython 7.30.1 -- An enhanced Interactive Python. Type '?' for help.

In [1]: Do you really want to exit ([y]/n)? 

2211890
Python 3.10.1 (main, Oct  4 2022, 11:36:22) [GCC 11.1.0]
Type 'copyright', 'credits' or 'license' for more information
IPython 7.30.1 -- An enhanced Interactive Python. Type '?' for help.

In [1]: Do you really want to exit ([y]/n)? 

5551930
Python 3.10.1 (main, Oct  4 2022, 11:36:22) [GCC 11.1.0]
Type 'copyright', 'credits' or 'license' for more information
IPython 7.30.1 -- An enhanced Interactive Python. Type '?' for help.

In [1]: Do you really want to exit ([y]/n)? 

2624578
Python 3.10.1 (main, Oct  4 2022, 11:36:22) [GCC 11.1.0]
Type 'copyright', 'credits' or 'license' for more information
IPython 7.30.1 -- An enhanced Interactive Python. Type '?' for help.

In [1]: Do you really want to exit ([y]/n)? 

1755037
Python 3.10.1 (main, Oct  4 2022, 11:36:22) [GCC 11.1.0]
Type 'copyright', 'credits' or 'license' for more information
IPython 7.30.1 -- An enhanced Interactive Python. Type '?' for help.

In [1]: Do you really want to exit ([y]/n)? 

2693509
Python 3.10.1 (main, Oct  4 2022, 11:36:22) [GCC 11.1.0]
Type 'copyright', 'credits' or 'license' for more information
IPython 7.30.1 -- An enhanced Interactive Python. Type '?' for help.

In [1]: Do you really want to exit ([y]/n)? 

2334188
Python 3.10.1 (main, Oct  4 2022, 11:36:22) [GCC 11.1.0]
Type 'copyright', 'credits' or 'license' for more information
IPython 7.30.1 -- An enhanced Interactive Python. Type '?' for help.

In [1]: Do you really want to exit ([y]/n)? 

4213062
Python 3.10.1 (main, Oct  4 2022, 11:36:22) [GCC 11.1.0]
Type 'copyright', 'credits' or 'license' for more information
IPython 7.30.1 -- An enhanced Interactive Python. Type '?' for help.

In [1]: Do you really want to exit ([y]/n)? 

4124348
Python 3.10.1 (main, Oct  4 2022, 11:36:22) [GCC 11.1.0]
Type 'copyright', 'credits' or 'license' for more information
IPython 7.30.1 -- An enhanced Interactive Python. Type '?' for help.

In [1]: Do you really want to exit ([y]/n)? 

4838760
Python 3.10.1 (main, Oct  4 2022, 11:36:22) [GCC 11.1.0]
Type 'copyright', 'credits' or 'license' for more information
IPython 7.30.1 -- An enhanced Interactive Python. Type '?' for help.

In [1]: Do you really want to exit ([y]/n)? 2303832
Python 3.10.1 (main, Oct  4 2022, 11:36:22) [GCC 11.1.0]
Type 'copyright', 'credits' or 'license' for more information
IPython 7.30.1 -- An enhanced Interactive Python. Type '?' for help.

In [1]: Do you really want to exit ([y]/n)? 

6561094
Python 3.10.1 (main, Oct  4 2022, 11:36:22) [GCC 11.1.0]
Type 'copyright', 'credits' or 'license' for more information
IPython 7.30.1 -- An enhanced Interactive Python. Type '?' for help.

In [1]: Do you really want to exit ([y]/n)? 



















5137500
26
wrong coords msk due to perhaps floating error












